------------------------------------------
M.U.G.E.N ver 1.00 (2009.10.12) status log
------------------------------------------
Parsing command line...
Command line: E:\PROGRAMACAO\01c++\jogos\mugen\mugen.exe
Parse command line OK
Initializing...
Allocating game variables
Reading configuration file...OK
Initializing timer...performance timer enabled...frequency 2727744...OK
Initializing keyboard...configuring...OK
Initializing input engine...OK
Initializing sound...OK
Initializing graphics...gameCoord 640x480...render mode 0_0...trying 1280x720x16 mode 0x0...success...OK
Setting callbacks...OK
Initializing font...OK
Initializing game variables...OK
Loading system fonts...OK
Loading options...
Reinitializing input engine...OK
Remapping keys...OK
Reinitializing input engine...OK
Options loaded OK
Loading system...
  Load system file system.def...OK
  Load system spr...OK
  Load system snd...OK
  Load system fonts...OK
  Load system anim...OK
  Load [Title Info]...OK
  Load [Option Info]...OK
  Load [Select Info]...OK
  Load [VS Screen]...OK
  Load [Victory Screen]...Couldn't load
  Load [Demo Mode]...OK
  Load [Continue Screen]...OK
  Load [Game Over Screen]...OK
  Load [Win Screen]...OK
  Load [Survival Results Screen]...OK
  Load [Default Ending]...OK
  Load [End Credits]...OK
  Load TitleBG...VersusBG...VictoryBG...Error loading VictoryBG
SelectBG...OptionBG...OK
  Loading fight data
    Opening fight data file data/fight.def...OK
    Reading [Files]...OK
    Loading fonts...OK
    Load fight anim...OK
    Reading [Lifebar]...[Turns Lifebar]...[Simul Lifebar]...[Powerbar]...
    [Face]...[Simul Face]...[Turns Face]...
    [Name]...[Simul Name]...[Turns Name]...
    [Time]...[Combo]...[Round]...[WinIcon]...OK
    Allocating explods...OK
  Fight data loaded OK
System loaded OK
Initialize OK
Set up graphics...timer...OK
Initializing character info...OK
Initializing select screen...finding characters...
  Error reading character file: chars/temari/temari.def

  Error reading character file: chars/ino_COSPLAY/ino_COSPLAY.def

  Error reading character file: chars/Kiba_COSPLAY/Kiba_COSPLAY.def

  Error reading character file: chars/Lee_COSPLAY/Lee_COSPLAY.def
OK

Entering main loop
Entering character select.
Loading character chars/FutureNaruto/FutureNaruto.def...
  Loading info...OK
  Loading cmd command set FutureNaruto.cmd...OK
  Loading cns FutureNaruto.cns...OK
  Loading cns FutureNarutobunshin.cns...OK
  Loading cns KyuubiTransformation.cns...OK
  Loading cmd state entry FutureNaruto.cmd...OK
  Loading common states common1.cns...OK
  Unloading command names...OK
  Loading sff FutureNaruto.sff...OK
  Loading anim FutureNaruto.air...OK
  Loading snd FutureNaruto.snd...OK
  Loading pals...(1,1)OK
  SFF v1.01 palette hack engaged.
  7518 expressions (1980 on trigger lines)
Character FutureNaruto.def loaded OK
Loading character chars/HKakashi/HKakashi.def...
  Loading info...OK
  Loading cmd command set Kakashi.cmd...OK
  Loading cns Kakashi.cns...OK
  Loading cns AI.cns...OK
  Loading cmd state entry Kakashi.cmd...OK
  Loading common states common1.cns...OK
  Unloading command names...OK
  Loading sff Kakashi.sff...OK
  Loading anim Kakashi.air...OK
  Loading snd Kakashi.snd...OK
  Loading pals...(1,1)OK
  SFF v1.01 palette hack engaged.
  2727 expressions (990 on trigger lines)
Character HKakashi.def loaded OK
Initializing stage...
  Loading BG...OK
  Allocating helpers...OK
Stage initialized OK
Start of game loop
End of game loop
Total time: 95.66s
Total frames: 4784 	Skipped frames: 0
Avg game rate: 50.01
Avg frame rate: 50.01

Entering character select.
Returned from main loop
Deinitializing...
Frames      : 4784
Time elapsed: 1835.740 sec
ticks: 183574, tps: 100, start 94, end 183668

Clearing player cache...OK
Freeing character info...OK
Freeing select screen...OK
Freeing fight data...OK
Freeing system data...OK
Freeing game variables...OK
Deinitializing input...pad...keyboard...OK
Removing callbacks...OK
Deintializing timer...OK
Deinitializing graphics...OK
Deinitializing CDA...MP3...sound...OK
Successful program termination.

Log file successfully closed.
