------------------------------------------
M.U.G.E.N ver 1.00 (2009.10.12) status log
------------------------------------------
Parsing command line...
Command line: E:\PROGRAMACAO\01c++\01 GAMES\jogos programados\mugen\Naruto_Mugen\mugen.exe
Parse command line OK
Initializing...
Allocating game variables
Reading configuration file...OK
Initializing timer...performance timer enabled...frequency 2727666...OK
Initializing keyboard...configuring...OK
Initializing input engine...OK
Initializing sound...OK
Initializing graphics...gameCoord 1280x720...render mode 0_0...trying 320x240x16 mode 0x0...success...OK
Setting callbacks...OK
Initializing font...OK
Initializing game variables...OK
Loading system fonts...OK
Loading options...
Initializing pads...failed
Reinitializing input engine...OK
Remapping keys...OK
Reinitializing input engine...OK
Options loaded OK
Loading system...
  Load system file system.def...OK
  Load system spr...OK
  Load system snd...OK
  Load system fonts...OK
  Load system anim...OK
  Load [Title Info]...OK
  Load [Option Info]...OK
  Load [Select Info]...OK
  Load [VS Screen]...OK
  Load [Victory Screen]...Couldn't load
  Load [Demo Mode]...OK
  Load [Continue Screen]...OK
  Load [Game Over Screen]...OK
  Load [Win Screen]...OK
  Load [Survival Results Screen]...OK
  Load [Default Ending]...OK
  Load [End Credits]...OK
  Load TitleBG...VersusBG...VictoryBG...Error loading VictoryBG
SelectBG...OptionBG...OK
  Loading fight data
    Opening fight data file data/fight.def...OK
    Reading [Files]...OK
    Loading fonts...OK
    Load fight anim...OK
    Reading [Lifebar]...[Turns Lifebar]...[Simul Lifebar]...[Powerbar]...
    [Face]...[Simul Face]...[Turns Face]...
    [Name]...[Simul Name]...[Turns Name]...
    [Time]...[Combo]...[Round]...[WinIcon]...OK
    Allocating explods...OK
  Fight data loaded OK
System loaded OK
Initialize OK
Set up graphics...timer...OK
Initializing character info...OK
Initializing select screen...finding characters...
  Error reading character file: chars/-/.def

  Error reading character file: chars/-/.def

  Error reading character file: chars/-/.def

  Error reading character file: chars/-/.def

  Error reading character file: chars/-/.def

  Error reading character file: chars/-/.def

  Error reading character file: chars/-/.def

  Error reading character file: chars/-/.def

  Error reading character file: chars/-/.def

  Error reading character file: chars/-/.def

  Error reading character file: chars/-/.def

  Error reading character file: chars/-/.def

  Error reading character file: chars/temari/temari.def

  Error reading character file: chars/ino_COSPLAY/ino_COSPLAY.def

  Error reading character file: chars/Kiba_COSPLAY/Kiba_COSPLAY.def

  Error reading character file: chars/Lee_COSPLAY/Lee_COSPLAY.def
OK

Entering main loop
Entering character select.
Returned from main loop
Deinitializing...
Frames      : 0
Time elapsed: 0.750 sec
ticks: 75, tps: 100, start 200, end 275

Clearing player cache...OK
Freeing character info...OK
Freeing select screen...OK
Freeing fight data...OK
Freeing system data...OK
Freeing game variables...OK
Deinitializing input...pad...keyboard...OK
Removing callbacks...OK
Deintializing timer...OK
Deinitializing graphics...OK
Deinitializing CDA...MP3...sound...OK
Successful program termination.

Log file successfully closed.
